SF:lib\app.dart
DA:13,1
DA:15,1
DA:17,1
DA:18,3
DA:19,1
DA:22,1
DA:23,1
DA:31,1
DA:33,1
DA:35,1
DA:36,0
DA:38,0
DA:43,0
LF:13
LH:10
end_of_record
SF:lib\core\di\injection_container.dart
DA:28,3
DA:30,0
DA:32,0
DA:33,0
DA:34,0
DA:35,0
DA:38,0
DA:39,0
DA:43,0
DA:45,0
DA:48,0
DA:51,0
DA:52,0
DA:53,0
DA:54,0
DA:55,0
DA:56,0
DA:57,0
DA:58,0
DA:61,0
DA:65,0
DA:66,0
DA:70,0
DA:71,0
DA:75,0
DA:76,0
DA:77,0
DA:78,0
DA:79,0
DA:82,0
DA:83,0
DA:84,0
DA:85,0
DA:86,0
DA:87,0
DA:88,0
DA:89,0
DA:96,0
DA:97,0
LF:39
LH:1
end_of_record
SF:lib\core\utils\theme\theme.dart
DA:12,0
DA:15,3
DA:22,1
DA:23,1
DA:26,1
DA:27,1
DA:28,1
DA:29,1
DA:39,3
DA:46,1
DA:47,1
DA:50,1
DA:51,1
DA:52,1
DA:53,1
LF:15
LH:14
end_of_record
SF:lib\features\authentication\presentation\bloc\auth\auth_bloc.dart
DA:21,0
DA:28,0
DA:29,0
DA:30,0
DA:31,0
DA:32,0
DA:33,0
DA:34,0
DA:35,0
DA:39,0
DA:44,0
DA:45,0
DA:48,0
DA:49,0
DA:53,0
DA:55,0
DA:57,0
DA:58,0
DA:59,0
DA:61,0
DA:64,0
DA:70,0
DA:74,0
DA:75,0
DA:79,0
DA:81,0
DA:83,0
DA:84,0
DA:85,0
DA:87,0
DA:91,0
DA:92,0
DA:101,0
DA:105,0
DA:107,0
DA:109,0
DA:110,0
DA:112,0
DA:114,0
DA:115,0
DA:121,0
DA:127,0
DA:129,0
DA:134,0
DA:136,0
DA:141,0
DA:143,0
DA:147,0
DA:149,0
DA:154,0
DA:159,0
DA:162,0
DA:166,0
DA:167,0
DA:168,0
DA:174,0
DA:176,0
DA:181,0
DA:183,0
DA:184,0
DA:185,0
DA:187,0
DA:189,0
DA:190,0
DA:201,0
DA:206,0
DA:211,0
DA:212,0
DA:213,0
DA:214,0
DA:215,0
DA:219,0
DA:224,0
DA:229,0
DA:230,0
DA:231,0
DA:236,0
LF:77
LH:0
end_of_record
SF:lib\features\authentication\presentation\bloc\auth\auth_state.dart
DA:22,1
DA:31,0
DA:36,0
DA:41,0
DA:46,0
DA:47,0
DA:51,0
DA:52,0
DA:60,0
DA:61,0
DA:69,0
DA:70,0
DA:74,0
DA:79,0
DA:86,0
DA:87,0
DA:88,0
DA:90,0
DA:91,0
DA:95,0
DA:96,0
DA:97,0
DA:98,0
DA:99,0
DA:100,0
DA:101,0
LF:26
LH:1
end_of_record
SF:lib\features\authentication\presentation\pages\biometric_login_page.dart
DA:10,1
DA:12,0
DA:13,0
DA:17,0
DA:19,0
DA:21,0
DA:22,0
DA:26,0
DA:27,0
DA:30,0
DA:31,0
DA:34,0
DA:36,0
DA:38,0
DA:39,0
DA:40,0
DA:41,0
DA:42,0
DA:43,0
DA:44,0
DA:45,0
DA:46,0
DA:47,0
DA:48,0
DA:49,0
DA:50,0
DA:54,0
DA:56,0
DA:59,0
DA:61,0
DA:62,0
DA:63,0
DA:65,0
DA:68,0
DA:70,0
DA:71,0
DA:72,0
DA:73,0
DA:76,0
DA:79,0
DA:81,0
DA:87,0
DA:89,0
DA:90,0
DA:91,0
DA:101,0
DA:102,0
DA:104,0
DA:106,0
DA:108,0
DA:110,0
DA:123,0
DA:124,0
DA:126,0
DA:127,0
DA:134,0
DA:137,0
DA:138,0
DA:140,0
DA:141,0
LF:60
LH:1
end_of_record
SF:lib\features\authentication\presentation\pages\login_page.dart
DA:11,3
DA:13,0
DA:14,0
DA:21,0
DA:23,0
DA:24,0
DA:25,0
DA:28,0
DA:30,0
DA:31,0
DA:32,0
DA:35,0
DA:36,0
DA:37,0
DA:38,0
DA:39,0
DA:44,0
DA:45,0
DA:48,0
DA:50,0
DA:53,0
DA:54,0
DA:55,0
DA:56,0
DA:57,0
DA:58,0
DA:59,0
DA:60,0
DA:62,0
DA:63,0
DA:64,0
DA:65,0
DA:66,0
DA:67,0
DA:68,0
DA:74,0
DA:76,0
DA:77,0
DA:78,0
DA:80,0
DA:83,0
DA:85,0
DA:86,0
DA:87,0
DA:88,0
DA:91,0
DA:94,0
DA:96,0
DA:101,0
DA:103,0
DA:104,0
DA:105,0
DA:114,0
DA:115,0
DA:117,0
DA:119,0
DA:121,0
DA:123,0
DA:124,0
DA:134,0
DA:135,0
DA:144,0
DA:147,0
DA:148,0
DA:150,0
DA:151,0
DA:173,0
DA:174,0
DA:175,0
DA:176,0
DA:177,0
DA:181,0
DA:185,0
DA:187,0
DA:190,0
DA:191,0
DA:192,0
DA:201,0
DA:206,0
DA:207,0
DA:209,0
DA:210,0
DA:217,0
DA:218,0
DA:221,0
LF:85
LH:1
end_of_record
SF:lib\features\home\presentation\pages\home_screen.dart
DA:8,1
DA:10,0
DA:12,0
DA:13,0
DA:15,0
DA:16,0
DA:20,0
DA:21,0
DA:24,0
DA:25,0
DA:30,0
DA:31,0
DA:32,0
DA:34,0
DA:35,0
DA:40,0
DA:41,0
DA:43,0
DA:45,0
DA:47,0
DA:48,0
DA:51,0
DA:53,0
DA:65,0
DA:68,0
DA:75,0
DA:78,0
DA:79,0
DA:85,0
DA:87,0
DA:88,0
DA:90,0
DA:92,0
DA:94,0
DA:95,0
DA:97,0
DA:102,0
DA:110,0
DA:118,0
DA:132,0
DA:134,0
DA:141,0
DA:148,0
DA:155,0
DA:162,0
DA:171,0
DA:174,0
DA:175,0
DA:177,0
DA:179,0
DA:180,0
DA:192,0
DA:199,0
DA:201,0
DA:202,0
DA:203,0
DA:205,0
DA:206,0
DA:208,0
DA:209,0
DA:210,0
DA:211,0
DA:213,0
DA:215,0
DA:225,0
DA:231,0
DA:233,0
DA:235,0
DA:236,0
DA:237,0
DA:240,0
DA:242,0
DA:244,0
DA:246,0
DA:248,0
DA:252,0
DA:254,0
DA:255,0
DA:258,0
DA:261,0
DA:263,0
DA:264,0
DA:265,0
DA:266,0
DA:275,0
DA:276,0
DA:278,0
DA:281,0
DA:282,0
DA:283,0
DA:284,0
DA:286,0
DA:287,0
DA:288,0
DA:289,0
LF:95
LH:1
end_of_record
SF:lib\core\db\app_database.g.dart
DA:10,0
DA:84,0
DA:85,0
DA:86,0
DA:87,0
DA:88,0
DA:89,0
DA:90,0
DA:91,0
DA:92,0
DA:94,0
DA:95,0
DA:96,0
DA:99,0
DA:104,0
DA:105,0
DA:106,0
DA:107,0
DA:109,0
DA:111,0
DA:112,0
DA:114,0
DA:117,0
DA:119,0
DA:120,0
DA:122,0
DA:125,0
DA:126,0
DA:128,0
DA:131,0
DA:132,0
DA:134,0
DA:137,0
DA:138,0
DA:140,0
DA:143,0
DA:145,0
DA:146,0
DA:148,0
DA:151,0
DA:156,0
DA:157,0
DA:158,0
DA:160,0
DA:161,0
DA:162,0
DA:164,0
DA:166,0
DA:168,0
DA:170,0
DA:172,0
DA:174,0
DA:176,0
DA:178,0
DA:180,0
DA:182,0
DA:184,0
DA:186,0
DA:188,0
DA:193,0
DA:195,0
DA:207,0
DA:216,0
DA:218,0
DA:219,0
DA:220,0
DA:221,0
DA:222,0
DA:224,0
DA:225,0
DA:227,0
DA:228,0
DA:230,0
DA:231,0
DA:235,0
DA:236,0
DA:237,0
DA:238,0
DA:239,0
DA:241,0
DA:242,0
DA:244,0
DA:245,0
DA:247,0
DA:248,0
DA:249,0
DA:253,0
DA:257,0
DA:258,0
DA:259,0
DA:260,0
DA:261,0
DA:262,0
DA:263,0
DA:264,0
DA:265,0
DA:268,0
DA:270,0
DA:271,0
DA:272,0
DA:273,0
DA:274,0
DA:275,0
DA:276,0
DA:277,0
DA:278,0
DA:282,0
DA:290,0
DA:291,0
DA:292,0
DA:293,0
DA:294,0
DA:295,0
DA:296,0
DA:297,0
DA:299,0
DA:300,0
DA:301,0
DA:302,0
DA:303,0
DA:304,0
DA:305,0
DA:306,0
DA:307,0
DA:308,0
DA:309,0
DA:313,0
DA:315,0
DA:316,0
DA:317,0
DA:318,0
DA:319,0
DA:320,0
DA:321,0
DA:322,0
DA:323,0
DA:324,0
DA:327,0
DA:328,0
DA:329,0
DA:330,0
DA:331,0
DA:332,0
DA:333,0
DA:334,0
DA:335,0
DA:337,0
DA:340,0
DA:341,0
DA:342,0
DA:343,0
DA:344,0
DA:345,0
DA:346,0
DA:347,0
DA:359,0
DA:369,0
DA:378,0
DA:379,0
DA:380,0
DA:381,0
DA:382,0
DA:392,0
DA:393,0
DA:394,0
DA:395,0
DA:396,0
DA:397,0
DA:398,0
DA:399,0
DA:400,0
DA:404,0
DA:414,0
DA:415,0
DA:416,0
DA:417,0
DA:418,0
DA:419,0
DA:420,0
DA:421,0
DA:422,0
DA:426,0
DA:428,0
DA:429,0
DA:430,0
DA:432,0
DA:433,0
DA:435,0
DA:436,0
DA:438,0
DA:439,0
DA:441,0
DA:442,0
DA:444,0
DA:445,0
DA:447,0
DA:448,0
DA:450,0
DA:451,0
DA:456,0
DA:458,0
DA:459,0
DA:460,0
DA:461,0
DA:462,0
DA:463,0
DA:464,0
DA:465,0
DA:466,0
DA:467,0
DA:468,0
DA:477,0
DA:607,0
DA:608,0
DA:609,0
DA:610,0
DA:611,0
DA:612,0
DA:613,0
DA:614,0
DA:615,0
DA:616,0
DA:617,0
DA:618,0
DA:619,0
DA:620,0
DA:622,0
DA:623,0
DA:624,0
DA:627,0
DA:632,0
DA:633,0
DA:634,0
DA:635,0
DA:637,0
DA:639,0
DA:640,0
DA:642,0
DA:645,0
DA:647,0
DA:648,0
DA:650,0
DA:653,0
DA:655,0
DA:656,0
DA:658,0
DA:661,0
DA:663,0
DA:664,0
DA:666,0
DA:669,0
DA:671,0
DA:672,0
DA:674,0
DA:677,0
DA:678,0
DA:680,0
DA:683,0
DA:684,0
DA:686,0
DA:689,0
DA:690,0
DA:692,0
DA:695,0
DA:696,0
DA:698,0
DA:699,0
DA:704,0
DA:705,0
DA:707,0
DA:708,0
DA:713,0
DA:714,0
DA:716,0
DA:719,0
DA:724,0
DA:725,0
DA:726,0
DA:728,0
DA:729,0
DA:730,0
DA:732,0
DA:734,0
DA:736,0
DA:738,0
DA:740,0
DA:742,0
DA:744,0
DA:746,0
DA:748,0
DA:750,0
DA:752,0
DA:754,0
DA:756,0
DA:758,0
DA:760,0
DA:762,0
DA:764,0
DA:766,0
DA:768,0
DA:770,0
DA:772,0
DA:774,0
DA:776,0
DA:781,0
DA:783,0
DA:800,0
DA:814,0
DA:816,0
DA:817,0
DA:818,0
DA:819,0
DA:820,0
DA:821,0
DA:822,0
DA:823,0
DA:825,0
DA:826,0
DA:827,0
DA:828,0
DA:829,0
DA:831,0
DA:832,0
DA:834,0
DA:838,0
DA:839,0
DA:840,0
DA:841,0
DA:842,0
DA:843,0
DA:844,0
DA:845,0
DA:847,0
DA:848,0
DA:849,0
DA:850,0
DA:851,0
DA:853,0
DA:854,0
DA:856,0
DA:857,0
DA:861,0
DA:865,0
DA:866,0
DA:867,0
DA:868,0
DA:869,0
DA:870,0
DA:871,0
DA:872,0
DA:873,0
DA:874,0
DA:875,0
DA:876,0
DA:877,0
DA:878,0
DA:881,0
DA:883,0
DA:884,0
DA:885,0
DA:886,0
DA:887,0
DA:888,0
DA:889,0
DA:890,0
DA:891,0
DA:892,0
DA:893,0
DA:894,0
DA:895,0
DA:896,0
DA:900,0
DA:913,0
DA:914,0
DA:915,0
DA:916,0
DA:917,0
DA:918,0
DA:919,0
DA:920,0
DA:921,0
DA:922,0
DA:923,0
DA:924,0
DA:925,0
DA:926,0
DA:927,0
DA:929,0
DA:930,0
DA:931,0
DA:932,0
DA:933,0
DA:934,0
DA:935,0
DA:936,0
DA:937,0
DA:938,0
DA:939,0
DA:940,0
DA:941,0
DA:942,0
DA:943,0
DA:944,0
DA:945,0
DA:946,0
DA:947,0
DA:948,0
DA:952,0
DA:954,0
DA:955,0
DA:956,0
DA:957,0
DA:958,0
DA:959,0
DA:960,0
DA:961,0
DA:962,0
DA:963,0
DA:964,0
DA:965,0
DA:966,0
DA:967,0
DA:968,0
DA:971,0
DA:972,0
DA:973,0
DA:974,0
DA:975,0
DA:976,0
DA:977,0
DA:978,0
DA:979,0
DA:980,0
DA:981,0
DA:982,0
DA:983,0
DA:984,0
DA:986,0
DA:989,0
DA:990,0
DA:991,0
DA:992,0
DA:993,0
DA:994,0
DA:995,0
DA:996,0
DA:997,0
DA:998,0
DA:999,0
DA:1000,0
DA:1001,0
DA:1018,1
DA:1033,0
DA:1047,0
DA:1048,0
DA:1049,0
DA:1050,0
DA:1051,0
DA:1052,0
DA:1053,0
DA:1068,0
DA:1069,0
DA:1070,0
DA:1071,0
DA:1072,0
DA:1073,0
DA:1074,0
DA:1075,0
DA:1076,0
DA:1077,0
DA:1078,0
DA:1079,0
DA:1080,0
DA:1081,0
DA:1085,0
DA:1100,0
DA:1101,0
DA:1102,0
DA:1103,0
DA:1104,0
DA:1105,0
DA:1106,0
DA:1107,0
DA:1108,0
DA:1109,0
DA:1110,0
DA:1111,0
DA:1112,0
DA:1113,0
DA:1117,0
DA:1119,0
DA:1120,0
DA:1121,0
DA:1123,0
DA:1124,0
DA:1126,0
DA:1127,0
DA:1129,0
DA:1130,0
DA:1132,0
DA:1133,0
DA:1135,0
DA:1136,0
DA:1138,0
DA:1139,0
DA:1141,0
DA:1142,0
DA:1144,0
DA:1145,0
DA:1147,0
DA:1148,0
DA:1150,0
DA:1151,0
DA:1153,0
DA:1154,0
DA:1156,0
DA:1157,0
DA:1162,0
DA:1164,0
DA:1165,0
DA:1166,0
DA:1167,0
DA:1168,0
DA:1169,0
DA:1170,0
DA:1171,0
DA:1172,0
DA:1173,0
DA:1174,0
DA:1175,0
DA:1176,0
DA:1177,0
DA:1178,0
DA:1179,0
DA:1188,0
DA:1303,0
DA:1304,0
DA:1305,0
DA:1306,0
DA:1307,0
DA:1308,0
DA:1309,0
DA:1310,0
DA:1311,0
DA:1312,0
DA:1313,0
DA:1314,0
DA:1316,0
DA:1317,0
DA:1318,0
DA:1321,0
DA:1326,0
DA:1327,0
DA:1328,0
DA:1329,0
DA:1331,0
DA:1334,0
DA:1336,0
DA:1337,0
DA:1339,0
DA:1342,0
DA:1343,0
DA:1345,0
DA:1346,0
DA:1351,0
DA:1352,0
DA:1354,0
DA:1355,0
DA:1360,0
DA:1361,0
DA:1363,0
DA:1366,0
DA:1367,0
DA:1369,0
DA:1370,0
DA:1375,0
DA:1376,0
DA:1378,0
DA:1379,0
DA:1384,0
DA:1385,0
DA:1387,0
DA:1388,0
DA:1393,0
DA:1394,0
DA:1396,0
DA:1399,0
DA:1401,0
DA:1402,0
DA:1404,0
DA:1407,0
DA:1412,0
DA:1413,0
DA:1414,0
DA:1416,0
DA:1417,0
DA:1418,0
DA:1420,0
DA:1422,0
DA:1424,0
DA:1426,0
DA:1428,0
DA:1430,0
DA:1432,0
DA:1434,0
DA:1436,0
DA:1438,0
DA:1440,0
DA:1442,0
DA:1444,0
DA:1446,0
DA:1448,0
DA:1450,0
DA:1452,0
DA:1454,0
DA:1456,0
DA:1461,0
DA:1463,0
DA:1478,0
DA:1490,0
DA:1492,0
DA:1493,0
DA:1494,0
DA:1495,0
DA:1497,0
DA:1498,0
DA:1499,0
DA:1500,0
DA:1501,0
DA:1503,0
DA:1504,0
DA:1506,0
DA:1507,0
DA:1509,0
DA:1510,0
DA:1514,0
DA:1515,0
DA:1516,0
DA:1517,0
DA:1519,0
DA:1520,0
DA:1521,0
DA:1522,0
DA:1523,0
DA:1525,0
DA:1526,0
DA:1528,0
DA:1529,0
DA:1531,0
DA:1532,0
DA:1533,0
DA:1537,0
DA:1541,0
DA:1542,0
DA:1543,0
DA:1544,0
DA:1545,0
DA:1546,0
DA:1547,0
DA:1548,0
DA:1549,0
DA:1551,0
DA:1552,0
DA:1553,0
DA:1554,0
DA:1557,0
DA:1559,0
DA:1560,0
DA:1561,0
DA:1562,0
DA:1563,0
DA:1564,0
DA:1565,0
DA:1566,0
DA:1567,0
DA:1568,0
DA:1569,0
DA:1570,0
DA:1574,0
DA:1585,0
DA:1586,0
DA:1587,0
DA:1588,0
DA:1589,0
DA:1590,0
DA:1591,0
DA:1592,0
DA:1593,0
DA:1594,0
DA:1595,0
DA:1596,0
DA:1597,0
DA:1598,0
DA:1599,0
DA:1600,0
DA:1601,0
DA:1603,0
DA:1604,0
DA:1605,0
DA:1606,0
DA:1607,0
DA:1608,0
DA:1609,0
DA:1610,0
DA:1611,0
DA:1612,0
DA:1613,0
DA:1614,0
DA:1615,0
DA:1616,0
DA:1617,0
DA:1618,0
DA:1619,0
DA:1620,0
DA:1621,0
DA:1622,0
DA:1623,0
DA:1624,0
DA:1625,0
DA:1626,0
DA:1627,0
DA:1628,0
DA:1632,0
DA:1634,0
DA:1635,0
DA:1636,0
DA:1637,0
DA:1638,0
DA:1639,0
DA:1640,0
DA:1641,0
DA:1642,0
DA:1643,0
DA:1644,0
DA:1645,0
DA:1646,0
DA:1649,0
DA:1650,0
DA:1651,0
DA:1652,0
DA:1653,0
DA:1654,0
DA:1655,0
DA:1656,0
DA:1657,0
DA:1658,0
DA:1659,0
DA:1660,0
DA:1662,0
DA:1665,0
DA:1666,0
DA:1667,0
DA:1668,0
DA:1669,0
DA:1670,0
DA:1671,0
DA:1672,0
DA:1673,0
DA:1674,0
DA:1675,0
DA:1690,0
DA:1703,0
DA:1715,0
DA:1716,0
DA:1717,0
DA:1718,0
DA:1731,0
DA:1732,0
DA:1733,0
DA:1734,0
DA:1735,0
DA:1736,0
DA:1737,0
DA:1738,0
DA:1739,0
DA:1740,0
DA:1741,0
DA:1742,0
DA:1746,0
DA:1759,0
DA:1760,0
DA:1761,0
DA:1762,0
DA:1763,0
DA:1764,0
DA:1765,0
DA:1766,0
DA:1767,0
DA:1768,0
DA:1769,0
DA:1770,0
DA:1774,0
DA:1776,0
DA:1777,0
DA:1778,0
DA:1780,0
DA:1781,0
DA:1783,0
DA:1784,0
DA:1786,0
DA:1787,0
DA:1789,0
DA:1790,0
DA:1792,0
DA:1793,0
DA:1795,0
DA:1796,0
DA:1798,0
DA:1799,0
DA:1801,0
DA:1802,0
DA:1804,0
DA:1805,0
DA:1807,0
DA:1808,0
DA:1813,0
DA:1815,0
DA:1816,0
DA:1817,0
DA:1818,0
DA:1819,0
DA:1820,0
DA:1821,0
DA:1822,0
DA:1823,0
DA:1824,0
DA:1825,0
DA:1826,0
DA:1827,0
DA:1828,0
DA:1836,0
DA:1966,0
DA:1967,0
DA:1968,0
DA:1969,0
DA:1970,0
DA:1971,0
DA:1972,0
DA:1973,0
DA:1974,0
DA:1975,0
DA:1976,0
DA:1977,0
DA:1978,0
DA:1979,0
DA:1981,0
DA:1982,0
DA:1983,0
DA:1986,0
DA:1991,0
DA:1992,0
DA:1993,0
DA:1994,0
DA:1996,0
DA:1998,0
DA:1999,0
DA:2001,0
DA:2004,0
DA:2006,0
DA:2007,0
DA:2009,0
DA:2010,0
DA:2015,0
DA:2016,0
DA:2018,0
DA:2021,0
DA:2023,0
DA:2024,0
DA:2026,0
DA:2027,0
DA:2032,0
DA:2033,0
DA:2035,0
DA:2038,0
DA:2039,0
DA:2041,0
DA:2044,0
DA:2045,0
DA:2047,0
DA:2050,0
DA:2051,0
DA:2053,0
DA:2056,0
DA:2058,0
DA:2059,0
DA:2061,0
DA:2064,0
DA:2066,0
DA:2067,0
DA:2069,0
DA:2072,0
DA:2073,0
DA:2075,0
DA:2076,0
DA:2084,0
DA:2085,0
DA:2086,0
DA:2088,0
DA:2089,0
DA:2090,0
DA:2092,0
DA:2094,0
DA:2096,0
DA:2098,0
DA:2100,0
DA:2102,0
DA:2104,0
DA:2106,0
DA:2108,0
DA:2110,0
DA:2112,0
DA:2114,0
DA:2116,0
DA:2118,0
DA:2120,0
DA:2122,0
DA:2124,0
DA:2126,0
DA:2128,0
DA:2130,0
DA:2132,0
DA:2134,0
DA:2136,0
DA:2141,0
DA:2143,0
DA:2160,0
DA:2174,0
DA:2176,0
DA:2177,0
DA:2178,0
DA:2179,0
DA:2180,0
DA:2182,0
DA:2183,0
DA:2184,0
DA:2186,0
DA:2187,0
DA:2189,0
DA:2190,0
DA:2192,0
DA:2193,0
DA:2194,0
DA:2195,0
DA:2196,0
DA:2198,0
DA:2199,0
DA:2204,0
DA:2205,0
DA:2206,0
DA:2207,0
DA:2208,0
DA:2210,0
DA:2211,0
DA:2212,0
DA:2214,0
DA:2215,0
DA:2217,0
DA:2218,0
DA:2220,0
DA:2221,0
DA:2222,0
DA:2223,0
DA:2224,0
DA:2226,0
DA:2227,0
DA:2229,0
DA:2233,0
DA:2237,0
DA:2238,0
DA:2239,0
DA:2240,0
DA:2241,0
DA:2242,0
DA:2243,0
DA:2244,0
DA:2245,0
DA:2246,0
DA:2247,0
DA:2248,0
DA:2249,0
DA:2250,0
DA:2253,0
DA:2255,0
DA:2256,0
DA:2257,0
DA:2258,0
DA:2259,0
DA:2260,0
DA:2261,0
DA:2262,0
DA:2263,0
DA:2264,0
DA:2265,0
DA:2266,0
DA:2267,0
DA:2268,0
DA:2272,0
DA:2285,0
DA:2286,0
DA:2287,0
DA:2288,0
DA:2289,0
DA:2290,0
DA:2291,0
DA:2292,0
DA:2293,0
DA:2294,0
DA:2295,0
DA:2296,0
DA:2297,0
DA:2298,0
DA:2299,0
DA:2300,0
DA:2301,0
DA:2302,0
DA:2303,0
DA:2305,0
DA:2306,0
DA:2307,0
DA:2308,0
DA:2309,0
DA:2310,0
DA:2311,0
DA:2312,0
DA:2313,0
DA:2314,0
DA:2315,0
DA:2316,0
DA:2317,0
DA:2318,0
DA:2319,0
DA:2320,0
DA:2321,0
DA:2322,0
DA:2323,0
DA:2324,0
DA:2325,0
DA:2326,0
DA:2330,0
DA:2332,0
DA:2333,0
DA:2334,0
DA:2335,0
DA:2336,0
DA:2337,0
DA:2338,0
DA:2339,0
DA:2340,0
DA:2341,0
DA:2342,0
DA:2343,0
DA:2344,0
DA:2345,0
DA:2346,0
DA:2349,0
DA:2350,0
DA:2351,0
DA:2352,0
DA:2353,0
DA:2354,0
DA:2355,0
DA:2356,0
DA:2357,0
DA:2358,0
DA:2359,0
DA:2360,0
DA:2361,0
DA:2362,0
DA:2364,0
DA:2367,0
DA:2368,0
DA:2369,0
DA:2370,0
DA:2371,0
DA:2372,0
DA:2373,0
DA:2374,0
DA:2375,0
DA:2376,0
DA:2377,0
DA:2378,0
DA:2379,0
DA:2396,0
DA:2411,0
DA:2425,0
DA:2426,0
DA:2427,0
DA:2428,0
DA:2429,0
DA:2430,0
DA:2445,0
DA:2446,0
DA:2447,0
DA:2448,0
DA:2449,0
DA:2450,0
DA:2451,0
DA:2452,0
DA:2453,0
DA:2454,0
DA:2455,0
DA:2456,0
DA:2457,0
DA:2458,0
DA:2462,0
DA:2477,0
DA:2478,0
DA:2479,0
DA:2480,0
DA:2481,0
DA:2482,0
DA:2483,0
DA:2484,0
DA:2485,0
DA:2486,0
DA:2487,0
DA:2488,0
DA:2489,0
DA:2490,0
DA:2494,0
DA:2496,0
DA:2497,0
DA:2498,0
DA:2500,0
DA:2501,0
DA:2503,0
DA:2504,0
DA:2506,0
DA:2507,0
DA:2509,0
DA:2510,0
DA:2512,0
DA:2513,0
DA:2515,0
DA:2516,0
DA:2518,0
DA:2519,0
DA:2521,0
DA:2522,0
DA:2524,0
DA:2525,0
DA:2527,0
DA:2528,0
DA:2530,0
DA:2531,0
DA:2533,0
DA:2534,0
DA:2539,0
DA:2541,0
DA:2542,0
DA:2543,0
DA:2544,0
DA:2545,0
DA:2546,0
DA:2547,0
DA:2548,0
DA:2549,0
DA:2550,0
DA:2551,0
DA:2552,0
DA:2553,0
DA:2554,0
DA:2555,0
DA:2556,0
DA:2564,0
DA:2713,0
DA:2714,0
DA:2715,0
DA:2716,0
DA:2717,0
DA:2718,0
DA:2719,0
DA:2720,0
DA:2721,0
DA:2722,0
DA:2723,0
DA:2724,0
DA:2725,0
DA:2726,0
DA:2727,0
DA:2728,0
DA:2730,0
DA:2731,0
DA:2732,0
DA:2735,0
DA:2740,0
DA:2741,0
DA:2742,0
DA:2743,0
DA:2745,0
DA:2747,0
DA:2748,0
DA:2750,0
DA:2753,0
DA:2755,0
DA:2756,0
DA:2758,0
DA:2761,0
DA:2763,0
DA:2764,0
DA:2766,0
DA:2767,0
DA:2772,0
DA:2773,0
DA:2775,0
DA:2778,0
DA:2779,0
DA:2781,0
DA:2784,0
DA:2785,0
DA:2787,0
DA:2790,0
DA:2791,0
DA:2793,0
DA:2796,0
DA:2797,0
DA:2799,0
DA:2802,0
DA:2803,0
DA:2805,0
DA:2808,0
DA:2809,0
DA:2811,0
DA:2814,0
DA:2816,0
DA:2817,0
DA:2819,0
DA:2822,0
DA:2824,0
DA:2825,0
DA:2827,0
DA:2830,0
DA:2831,0
DA:2833,0
DA:2834,0
DA:2842,0
DA:2843,0
DA:2844,0
DA:2846,0
DA:2847,0
DA:2848,0
DA:2850,0
DA:2852,0
DA:2854,0
DA:2856,0
DA:2858,0
DA:2860,0
DA:2862,0
DA:2864,0
DA:2866,0
DA:2868,0
DA:2870,0
DA:2872,0
DA:2874,0
DA:2876,0
DA:2878,0
DA:2880,0
DA:2882,0
DA:2884,0
DA:2886,0
DA:2888,0
DA:2890,0
DA:2892,0
DA:2894,0
DA:2896,0
DA:2898,0
DA:2900,0
DA:2902,0
DA:2907,0
DA:2909,0
DA:2928,0
DA:2944,0
DA:2946,0
DA:2947,0
DA:2948,0
DA:2949,0
DA:2950,0
DA:2951,0
DA:2953,0
DA:2954,0
DA:2956,0
DA:2957,0
DA:2959,0
DA:2960,0
DA:2962,0
DA:2963,0
DA:2965,0
DA:2966,0
DA:2968,0
DA:2969,0
DA:2971,0
DA:2972,0
DA:2973,0
DA:2974,0
DA:2976,0
DA:2977,0
DA:2982,0
DA:2983,0
DA:2984,0
DA:2985,0
DA:2986,0
DA:2987,0
DA:2989,0
DA:2990,0
DA:2992,0
DA:2993,0
DA:2995,0
DA:2996,0
DA:2998,0
DA:2999,0
DA:3001,0
DA:3002,0
DA:3004,0
DA:3005,0
DA:3007,0
DA:3008,0
DA:3009,0
DA:3010,0
DA:3012,0
DA:3013,0
DA:3015,0
DA:3019,0
DA:3023,0
DA:3024,0
DA:3025,0
DA:3026,0
DA:3027,0
DA:3028,0
DA:3029,0
DA:3030,0
DA:3031,0
DA:3032,0
DA:3033,0
DA:3034,0
DA:3035,0
DA:3036,0
DA:3037,0
DA:3038,0
DA:3041,0
DA:3043,0
DA:3044,0
DA:3045,0
DA:3046,0
DA:3047,0
DA:3048,0
DA:3049,0
DA:3050,0
DA:3051,0
DA:3052,0
DA:3053,0
DA:3054,0
DA:3055,0
DA:3056,0
DA:3057,0
DA:3058,0
DA:3062,0
DA:3077,0
DA:3078,0
DA:3079,0
DA:3080,0
DA:3081,0
DA:3082,0
DA:3083,0
DA:3084,0
DA:3085,0
DA:3086,0
DA:3087,0
DA:3088,0
DA:3089,0
DA:3090,0
DA:3091,0
DA:3092,0
DA:3093,0
DA:3095,0
DA:3096,0
DA:3097,0
DA:3098,0
DA:3099,0
DA:3100,0
DA:3101,0
DA:3102,0
DA:3103,0
DA:3104,0
DA:3105,0
DA:3106,0
DA:3107,0
DA:3108,0
DA:3109,0
DA:3110,0
DA:3111,0
DA:3112,0
DA:3113,0
DA:3114,0
DA:3115,0
DA:3116,0
DA:3120,0
DA:3122,0
DA:3123,0
DA:3124,0
DA:3125,0
DA:3126,0
DA:3127,0
DA:3128,0
DA:3129,0
DA:3130,0
DA:3131,0
DA:3132,0
DA:3133,0
DA:3134,0
DA:3135,0
DA:3136,0
DA:3137,0
DA:3138,0
DA:3141,0
DA:3142,0
DA:3143,0
DA:3144,0
DA:3145,0
DA:3146,0
DA:3147,0
DA:3148,0
DA:3149,0
DA:3150,0
DA:3151,0
DA:3152,0
DA:3153,0
DA:3154,0
DA:3155,0
DA:3156,0
DA:3158,0
DA:3161,0
DA:3162,0
DA:3163,0
DA:3164,0
DA:3165,0
DA:3166,0
DA:3167,0
DA:3168,0
DA:3169,0
DA:3170,0
DA:3171,0
DA:3172,0
DA:3173,0
DA:3174,0
DA:3175,0
DA:3194,0
DA:3211,0
DA:3227,0
DA:3228,0
DA:3229,0
DA:3230,0
DA:3231,0
DA:3232,0
DA:3249,0
DA:3250,0
DA:3251,0
DA:3252,0
DA:3253,0
DA:3254,0
DA:3255,0
DA:3256,0
DA:3257,0
DA:3258,0
DA:3259,0
DA:3260,0
DA:3261,0
DA:3262,0
DA:3263,0
DA:3264,0
DA:3268,0
DA:3285,0
DA:3286,0
DA:3287,0
DA:3288,0
DA:3289,0
DA:3290,0
DA:3291,0
DA:3292,0
DA:3293,0
DA:3294,0
DA:3295,0
DA:3296,0
DA:3297,0
DA:3298,0
DA:3299,0
DA:3300,0
DA:3304,0
DA:3306,0
DA:3307,0
DA:3308,0
DA:3310,0
DA:3311,0
DA:3313,0
DA:3314,0
DA:3316,0
DA:3317,0
DA:3319,0
DA:3320,0
DA:3322,0
DA:3323,0
DA:3325,0
DA:3326,0
DA:3328,0
DA:3329,0
DA:3331,0
DA:3332,0
DA:3334,0
DA:3335,0
DA:3337,0
DA:3338,0
DA:3340,0
DA:3341,0
DA:3343,0
DA:3344,0
DA:3346,0
DA:3347,0
DA:3349,0
DA:3350,0
DA:3355,0
DA:3357,0
DA:3358,0
DA:3359,0
DA:3360,0
DA:3361,0
DA:3362,0
DA:3363,0
DA:3364,0
DA:3365,0
DA:3366,0
DA:3367,0
DA:3368,0
DA:3369,0
DA:3370,0
DA:3371,0
DA:3372,0
DA:3373,0
DA:3374,0
DA:3383,0
DA:3500,0
DA:3501,0
DA:3502,0
DA:3503,0
DA:3504,0
DA:3505,0
DA:3506,0
DA:3507,0
DA:3508,0
DA:3509,0
DA:3510,0
DA:3511,0
DA:3512,0
DA:3514,0
DA:3515,0
DA:3516,0
DA:3519,0
DA:3524,0
DA:3525,0
DA:3526,0
DA:3527,0
DA:3529,0
DA:3531,0
DA:3532,0
DA:3534,0
DA:3537,0
DA:3539,0
DA:3540,0
DA:3542,0
DA:3545,0
DA:3547,0
DA:3548,0
DA:3550,0
DA:3553,0
DA:3555,0
DA:3556,0
DA:3558,0
DA:3561,0
DA:3563,0
DA:3564,0
DA:3566,0
DA:3567,0
DA:3572,0
DA:3573,0
DA:3575,0
DA:3578,0
DA:3579,0
DA:3581,0
DA:3584,0
DA:3586,0
DA:3587,0
DA:3589,0
DA:3592,0
DA:3594,0
DA:3595,0
DA:3597,0
DA:3600,0
DA:3601,0
DA:3603,0
DA:3604,0
DA:3612,0
DA:3613,0
DA:3614,0
DA:3616,0
DA:3617,0
DA:3618,0
DA:3620,0
DA:3622,0
DA:3624,0
DA:3626,0
DA:3628,0
DA:3630,0
DA:3632,0
DA:3634,0
DA:3636,0
DA:3638,0
DA:3640,0
DA:3642,0
DA:3644,0
DA:3646,0
DA:3648,0
DA:3650,0
DA:3652,0
DA:3654,0
DA:3656,0
DA:3658,0
DA:3660,0
DA:3665,0
DA:3667,0
DA:3683,0
DA:3696,0
DA:3698,0
DA:3699,0
DA:3700,0
DA:3701,0
DA:3702,0
DA:3703,0
DA:3704,0
DA:3705,0
DA:3706,0
DA:3708,0
DA:3709,0
DA:3710,0
DA:3711,0
DA:3713,0
DA:3714,0
DA:3719,0
DA:3720,0
DA:3721,0
DA:3722,0
DA:3723,0
DA:3724,0
DA:3725,0
DA:3726,0
DA:3727,0
DA:3728,0
DA:3729,0
DA:3730,0
DA:3732,0
DA:3733,0
DA:3735,0
DA:3739,0
DA:3743,0
DA:3744,0
DA:3745,0
DA:3746,0
DA:3747,0
DA:3748,0
DA:3749,0
DA:3750,0
DA:3751,0
DA:3752,0
DA:3753,0
DA:3754,0
DA:3755,0
DA:3758,0
DA:3760,0
DA:3761,0
DA:3762,0
DA:3763,0
DA:3764,0
DA:3765,0
DA:3766,0
DA:3767,0
DA:3768,0
DA:3769,0
DA:3770,0
DA:3771,0
DA:3772,0
DA:3776,0
DA:3788,0
DA:3789,0
DA:3790,0
DA:3791,0
DA:3792,0
DA:3793,0
DA:3794,0
DA:3795,0
DA:3796,0
DA:3797,0
DA:3798,0
DA:3799,0
DA:3800,0
DA:3801,0
DA:3803,0
DA:3804,0
DA:3805,0
DA:3806,0
DA:3807,0
DA:3808,0
DA:3809,0
DA:3810,0
DA:3811,0
DA:3812,0
DA:3813,0
DA:3814,0
DA:3815,0
DA:3816,0
DA:3817,0
DA:3818,0
DA:3819,0
DA:3820,0
DA:3821,0
DA:3825,0
DA:3827,0
DA:3828,0
DA:3829,0
DA:3830,0
DA:3831,0
DA:3832,0
DA:3833,0
DA:3834,0
DA:3835,0
DA:3836,0
DA:3837,0
DA:3838,0
DA:3839,0
DA:3840,0
DA:3843,0
DA:3844,0
DA:3845,0
DA:3846,0
DA:3847,0
DA:3848,0
DA:3849,0
DA:3850,0
DA:3851,0
DA:3852,0
DA:3853,0
DA:3854,0
DA:3855,0
DA:3857,0
DA:3860,0
DA:3861,0
DA:3862,0
DA:3863,0
DA:3864,0
DA:3865,0
DA:3866,0
DA:3867,0
DA:3868,0
DA:3869,0
DA:3870,0
DA:3871,0
DA:3887,0
DA:3901,0
DA:3914,0
DA:3915,0
DA:3916,0
DA:3917,0
DA:3918,0
DA:3919,0
DA:3920,0
DA:3921,0
DA:3935,0
DA:3936,0
DA:3937,0
DA:3938,0
DA:3939,0
DA:3940,0
DA:3941,0
DA:3942,0
DA:3943,0
DA:3944,0
DA:3945,0
DA:3946,0
DA:3947,0
DA:3951,0
DA:3965,0
DA:3966,0
DA:3967,0
DA:3968,0
DA:3969,0
DA:3970,0
DA:3971,0
DA:3972,0
DA:3973,0
DA:3974,0
DA:3975,0
DA:3976,0
DA:3977,0
DA:3981,0
DA:3983,0
DA:3984,0
DA:3985,0
DA:3987,0
DA:3988,0
DA:3990,0
DA:3991,0
DA:3993,0
DA:3994,0
DA:3996,0
DA:3997,0
DA:3999,0
DA:4000,0
DA:4002,0
DA:4003,0
DA:4005,0
DA:4006,0
DA:4008,0
DA:4009,0
DA:4011,0
DA:4012,0
DA:4014,0
DA:4015,0
DA:4017,0
DA:4018,0
DA:4023,0
DA:4025,0
DA:4026,0
DA:4027,0
DA:4028,0
DA:4029,0
DA:4030,0
DA:4031,0
DA:4032,0
DA:4033,0
DA:4034,0
DA:4035,0
DA:4036,0
DA:4037,0
DA:4038,0
DA:4039,0
DA:4048,0
DA:4147,0
DA:4148,0
DA:4149,0
DA:4150,0
DA:4151,0
DA:4152,0
DA:4153,0
DA:4154,0
DA:4155,0
DA:4156,0
DA:4157,0
DA:4159,0
DA:4160,0
DA:4161,0
DA:4164,0
DA:4169,0
DA:4170,0
DA:4171,0
DA:4172,0
DA:4174,0
DA:4176,0
DA:4177,0
DA:4179,0
DA:4182,0
DA:4184,0
DA:4185,0
DA:4187,0
DA:4190,0
DA:4192,0
DA:4193,0
DA:4195,0
DA:4196,0
DA:4201,0
DA:4203,0
DA:4204,0
DA:4206,0
DA:4207,0
DA:4212,0
DA:4214,0
DA:4215,0
DA:4217,0
DA:4220,0
DA:4222,0
DA:4223,0
DA:4225,0
DA:4228,0
DA:4229,0
DA:4231,0
DA:4234,0
DA:4235,0
DA:4237,0
DA:4240,0
DA:4245,0
DA:4246,0
DA:4247,0
DA:4249,0
DA:4250,0
DA:4251,0
DA:4253,0
DA:4255,0
DA:4257,0
DA:4259,0
DA:4261,0
DA:4263,0
DA:4265,0
DA:4267,0
DA:4269,0
DA:4271,0
DA:4273,0
DA:4275,0
DA:4277,0
DA:4279,0
DA:4281,0
DA:4283,0
DA:4285,0
DA:4290,0
DA:4292,0
DA:4306,0
DA:4317,0
DA:4319,0
DA:4320,0
DA:4321,0
DA:4322,0
DA:4323,0
DA:4324,0
DA:4325,0
DA:4326,0
DA:4327,0
DA:4328,0
DA:4330,0
DA:4334,0
DA:4335,0
DA:4336,0
DA:4337,0
DA:4338,0
DA:4339,0
DA:4340,0
DA:4341,0
DA:4342,0
DA:4343,0
DA:4345,0
DA:4346,0
DA:4350,0
DA:4354,0
DA:4355,0
DA:4356,0
DA:4357,0
DA:4358,0
DA:4359,0
DA:4360,0
DA:4361,0
DA:4362,0
DA:4363,0
DA:4364,0
DA:4367,0
DA:4369,0
DA:4370,0
DA:4371,0
DA:4372,0
DA:4373,0
DA:4374,0
DA:4375,0
DA:4376,0
DA:4377,0
DA:4378,0
DA:4379,0
DA:4383,0
DA:4393,0
DA:4394,0
DA:4395,0
DA:4396,0
DA:4397,0
DA:4398,0
DA:4399,0
DA:4400,0
DA:4401,0
DA:4402,0
DA:4404,0
DA:4405,0
DA:4406,0
DA:4407,0
DA:4408,0
DA:4409,0
DA:4410,0
DA:4411,0
DA:4412,0
DA:4413,0
DA:4414,0
DA:4415,0
DA:4416,0
DA:4417,0
DA:4418,0
DA:4419,0
DA:4420,0
DA:4421,0
DA:4422,0
DA:4423,0
DA:4424,0
DA:4428,0
DA:4430,0
DA:4431,0
DA:4432,0
DA:4433,0
DA:4434,0
DA:4435,0
DA:4436,0
DA:4437,0
DA:4438,0
DA:4439,0
DA:4440,0
DA:4441,0
DA:4444,0
DA:4445,0
DA:4446,0
DA:4447,0
DA:4448,0
DA:4449,0
DA:4450,0
DA:4451,0
DA:4452,0
DA:4453,0
DA:4454,0
DA:4456,0
DA:4459,0
DA:4460,0
DA:4461,0
DA:4462,0
DA:4463,0
DA:4464,0
DA:4465,0
DA:4466,0
DA:4467,0
DA:4468,0
DA:4482,0
DA:4494,0
DA:4505,0
DA:4506,0
DA:4507,0
DA:4508,0
DA:4509,0
DA:4510,0
DA:4511,0
DA:4512,0
DA:4524,0
DA:4525,0
DA:4526,0
DA:4527,0
DA:4528,0
DA:4529,0
DA:4530,0
DA:4531,0
DA:4532,0
DA:4533,0
DA:4534,0
DA:4538,0
DA:4550,0
DA:4551,0
DA:4552,0
DA:4553,0
DA:4554,0
DA:4555,0
DA:4556,0
DA:4557,0
DA:4558,0
DA:4559,0
DA:4560,0
DA:4564,0
DA:4566,0
DA:4567,0
DA:4568,0
DA:4570,0
DA:4571,0
DA:4573,0
DA:4574,0
DA:4576,0
DA:4577,0
DA:4579,0
DA:4580,0
DA:4582,0
DA:4583,0
DA:4585,0
DA:4586,0
DA:4588,0
DA:4589,0
DA:4591,0
DA:4592,0
DA:4594,0
DA:4595,0
DA:4600,0
DA:4602,0
DA:4603,0
DA:4604,0
DA:4605,0
DA:4606,0
DA:4607,0
DA:4608,0
DA:4609,0
DA:4610,0
DA:4611,0
DA:4612,0
DA:4613,0
DA:4614,0
DA:4622,0
DA:4641,0
DA:4642,0
DA:4643,0
DA:4644,0
DA:4645,0
DA:4648,0
DA:4653,0
DA:4654,0
DA:4655,0
DA:4656,0
DA:4658,0
DA:4661,0
DA:4663,0
DA:4664,0
DA:4666,0
DA:4669,0
DA:4674,0
DA:4675,0
DA:4676,0
DA:4678,0
DA:4679,0
DA:4680,0
DA:4682,0
DA:4684,0
DA:4686,0
DA:4691,0
DA:4693,0
DA:4700,0
DA:4701,0
DA:4703,0
DA:4704,0
DA:4705,0
DA:4709,0
DA:4710,0
DA:4713,0
DA:4717,0
DA:4718,0
DA:4719,0
DA:4720,0
DA:4723,0
DA:4725,0
DA:4726,0
DA:4727,0
DA:4728,0
DA:4732,0
DA:4733,0
DA:4734,0
DA:4735,0
DA:4736,0
DA:4737,0
DA:4741,0
DA:4743,0
DA:4744,0
DA:4745,0
DA:4746,0
DA:4747,0
DA:4750,0
DA:4751,0
DA:4752,0
DA:4755,0
DA:4762,0
DA:4767,0
DA:4771,0
DA:4772,0
DA:4773,0
DA:4778,0
DA:4779,0
DA:4780,0
DA:4781,0
DA:4785,0
DA:4790,0
DA:4791,0
DA:4792,0
DA:4793,0
DA:4797,0
DA:4799,0
DA:4800,0
DA:4801,0
DA:4803,0
DA:4804,0
DA:4806,0
DA:4807,0
DA:4812,0
DA:4814,0
DA:4815,0
DA:4816,0
DA:4817,0
DA:4818,0
DA:4819,0
DA:4824,0
DA:4825,0
DA:4844,0
DA:4846,0
DA:4847,0
DA:4848,0
DA:4849,0
DA:4850,0
DA:4851,0
DA:4852,0
DA:4853,0
DA:4854,0
DA:4855,0
DA:4856,0
DA:4885,0
DA:4892,0
DA:4893,0
DA:4894,0
DA:4897,0
DA:4898,0
DA:4899,0
DA:4902,0
DA:4903,0
DA:4904,0
DA:4907,0
DA:4908,0
DA:4909,0
DA:4912,0
DA:4913,0
DA:4914,0
DA:4917,0
DA:4918,0
DA:4919,0
DA:4922,0
DA:4923,0
DA:4924,0
DA:4930,0
DA:4937,0
DA:4938,0
DA:4939,0
DA:4942,0
DA:4943,0
DA:4944,0
DA:4947,0
DA:4948,0
DA:4949,0
DA:4952,0
DA:4953,0
DA:4954,0
DA:4957,0
DA:4958,0
DA:4959,0
DA:4962,0
DA:4963,0
DA:4964,0
DA:4967,0
DA:4968,0
DA:4969,0
DA:4975,0
DA:4982,0
DA:4983,0
DA:4985,0
DA:4986,0
DA:4988,0
DA:4989,0
DA:4991,0
DA:4992,0
DA:4994,0
DA:4995,0
DA:4996,0
DA:4999,0
DA:5000,0
DA:5002,0
DA:5003,0
DA:5021,0
DA:5022,0
DA:5023,0
DA:5026,0
DA:5027,0
DA:5028,0
DA:5029,0
DA:5030,0
DA:5031,0
DA:5033,0
DA:5042,0
DA:5053,0
DA:5062,0
DA:5072,0
DA:5073,0
DA:5074,0
DA:5129,0
DA:5136,0
DA:5137,0
DA:5138,0
DA:5141,0
DA:5142,0
DA:5143,0
DA:5146,0
DA:5147,0
DA:5148,0
DA:5151,0
DA:5152,0
DA:5153,0
DA:5156,0
DA:5157,0
DA:5158,0
DA:5161,0
DA:5162,0
DA:5163,0
DA:5166,0
DA:5167,0
DA:5168,0
DA:5171,0
DA:5172,0
DA:5173,0
DA:5176,0
DA:5177,0
DA:5178,0
DA:5181,0
DA:5182,0
DA:5183,0
DA:5186,0
DA:5187,0
DA:5188,0
DA:5191,0
DA:5192,0
DA:5193,0
DA:5199,0
DA:5206,0
DA:5207,0
DA:5208,0
DA:5211,0
DA:5212,0
DA:5213,0
DA:5216,0
DA:5217,0
DA:5218,0
DA:5221,0
DA:5222,0
DA:5223,0
DA:5226,0
DA:5227,0
DA:5228,0
DA:5231,0
DA:5232,0
DA:5233,0
DA:5236,0
DA:5237,0
DA:5238,0
DA:5241,0
DA:5242,0
DA:5243,0
DA:5246,0
DA:5247,0
DA:5248,0
DA:5251,0
DA:5252,0
DA:5253,0
DA:5256,0
DA:5257,0
DA:5258,0
DA:5261,0
DA:5262,0
DA:5263,0
DA:5269,0
DA:5276,0
DA:5277,0
DA:5279,0
DA:5280,0
DA:5282,0
DA:5283,0
DA:5284,0
DA:5287,0
DA:5288,0
DA:5290,0
DA:5291,0
DA:5293,0
DA:5294,0
DA:5296,0
DA:5297,0
DA:5299,0
DA:5300,0
DA:5302,0
DA:5303,0
DA:5305,0
DA:5306,0
DA:5307,0
DA:5310,0
DA:5311,0
DA:5312,0
DA:5315,0
DA:5316,0
DA:5337,0
DA:5338,0
DA:5339,0
DA:5342,0
DA:5343,0
DA:5344,0
DA:5345,0
DA:5346,0
DA:5347,0
DA:5349,0
DA:5363,0
DA:5379,0
DA:5393,0
DA:5408,0
DA:5409,0
DA:5410,0
DA:5464,0
DA:5471,0
DA:5472,0
DA:5473,0
DA:5476,0
DA:5477,0
DA:5478,0
DA:5481,0
DA:5482,0
DA:5483,0
DA:5486,0
DA:5487,0
DA:5488,0
DA:5491,0
DA:5492,0
DA:5493,0
DA:5496,0
DA:5497,0
DA:5498,0
DA:5501,0
DA:5502,0
DA:5503,0
DA:5506,0
DA:5507,0
DA:5508,0
DA:5511,0
DA:5512,0
DA:5513,0
DA:5516,0
DA:5517,0
DA:5518,0
DA:5524,0
DA:5531,0
DA:5532,0
DA:5533,0
DA:5536,0
DA:5537,0
DA:5538,0
DA:5541,0
DA:5542,0
DA:5543,0
DA:5546,0
DA:5547,0
DA:5548,0
DA:5551,0
DA:5552,0
DA:5553,0
DA:5556,0
DA:5557,0
DA:5558,0
DA:5561,0
DA:5562,0
DA:5563,0
DA:5566,0
DA:5567,0
DA:5568,0
DA:5571,0
DA:5572,0
DA:5573,0
DA:5576,0
DA:5577,0
DA:5578,0
DA:5584,0
DA:5591,0
DA:5592,0
DA:5594,0
DA:5595,0
DA:5596,0
DA:5599,0
DA:5600,0
DA:5601,0
DA:5604,0
DA:5605,0
DA:5606,0
DA:5609,0
DA:5610,0
DA:5611,0
DA:5614,0
DA:5615,0
DA:5616,0
DA:5619,0
DA:5620,0
DA:5621,0
DA:5624,0
DA:5625,0
DA:5626,0
DA:5629,0
DA:5630,0
DA:5632,0
DA:5633,0
DA:5658,0
DA:5661,0
DA:5662,0
DA:5665,0
DA:5666,0
DA:5667,0
DA:5668,0
DA:5669,0
DA:5670,0
DA:5672,0
DA:5684,0
DA:5698,0
DA:5710,0
DA:5723,0
DA:5724,0
DA:5725,0
DA:5783,0
DA:5790,0
DA:5791,0
DA:5792,0
DA:5795,0
DA:5796,0
DA:5797,0
DA:5800,0
DA:5801,0
DA:5802,0
DA:5805,0
DA:5806,0
DA:5807,0
DA:5810,0
DA:5811,0
DA:5812,0
DA:5815,0
DA:5816,0
DA:5817,0
DA:5820,0
DA:5821,0
DA:5822,0
DA:5825,0
DA:5826,0
DA:5827,0
DA:5830,0
DA:5831,0
DA:5832,0
DA:5835,0
DA:5836,0
DA:5837,0
DA:5840,0
DA:5841,0
DA:5842,0
DA:5845,0
DA:5846,0
DA:5847,0
DA:5853,0
DA:5860,0
DA:5861,0
DA:5862,0
DA:5865,0
DA:5866,0
DA:5867,0
DA:5870,0
DA:5871,0
DA:5872,0
DA:5875,0
DA:5876,0
DA:5877,0
DA:5880,0
DA:5881,0
DA:5882,0
DA:5885,0
DA:5886,0
DA:5887,0
DA:5890,0
DA:5891,0
DA:5892,0
DA:5895,0
DA:5896,0
DA:5897,0
DA:5900,0
DA:5901,0
DA:5902,0
DA:5905,0
DA:5906,0
DA:5907,0
DA:5910,0
DA:5911,0
DA:5912,0
DA:5915,0
DA:5916,0
DA:5917,0
DA:5923,0
DA:5930,0
DA:5931,0
DA:5933,0
DA:5934,0
DA:5936,0
DA:5937,0
DA:5938,0
DA:5941,0
DA:5942,0
DA:5943,0
DA:5946,0
DA:5947,0
DA:5948,0
DA:5951,0
DA:5952,0
DA:5954,0
DA:5955,0
DA:5957,0
DA:5958,0
DA:5960,0
DA:5961,0
DA:5963,0
DA:5964,0
DA:5966,0
DA:5967,0
DA:5969,0
DA:5970,0
DA:5971,0
DA:5990,0
DA:5991,0
DA:5992,0
DA:5995,0
DA:5996,0
DA:5997,0
DA:5998,0
DA:5999,0
DA:6000,0
DA:6002,0
DA:6016,0
DA:6032,0
DA:6046,0
DA:6061,0
DA:6062,0
DA:6063,0
DA:6122,0
DA:6129,0
DA:6130,0
DA:6131,0
DA:6134,0
DA:6135,0
DA:6136,0
DA:6139,0
DA:6140,0
DA:6141,0
DA:6144,0
DA:6145,0
DA:6146,0
DA:6149,0
DA:6150,0
DA:6151,0
DA:6154,0
DA:6155,0
DA:6156,0
DA:6159,0
DA:6160,0
DA:6161,0
DA:6164,0
DA:6165,0
DA:6166,0
DA:6169,0
DA:6170,0
DA:6171,0
DA:6174,0
DA:6175,0
DA:6176,0
DA:6179,0
DA:6180,0
DA:6181,0
DA:6184,0
DA:6185,0
DA:6186,0
DA:6189,0
DA:6190,0
DA:6191,0
DA:6194,0
DA:6195,0
DA:6196,0
DA:6202,0
DA:6209,0
DA:6210,0
DA:6211,0
DA:6214,0
DA:6215,0
DA:6216,0
DA:6219,0
DA:6220,0
DA:6221,0
DA:6224,0
DA:6225,0
DA:6226,0
DA:6229,0
DA:6230,0
DA:6231,0
DA:6234,0
DA:6235,0
DA:6236,0
DA:6239,0
DA:6240,0
DA:6241,0
DA:6244,0
DA:6245,0
DA:6246,0
DA:6249,0
DA:6250,0
DA:6251,0
DA:6254,0
DA:6255,0
DA:6256,0
DA:6259,0
DA:6260,0
DA:6261,0
DA:6264,0
DA:6265,0
DA:6266,0
DA:6269,0
DA:6270,0
DA:6271,0
DA:6274,0
DA:6275,0
DA:6276,0
DA:6282,0
DA:6289,0
DA:6290,0
DA:6292,0
DA:6293,0
DA:6295,0
DA:6296,0
DA:6298,0
DA:6299,0
DA:6300,0
DA:6303,0
DA:6304,0
DA:6306,0
DA:6307,0
DA:6308,0
DA:6311,0
DA:6312,0
DA:6314,0
DA:6315,0
DA:6317,0
DA:6318,0
DA:6320,0
DA:6321,0
DA:6323,0
DA:6324,0
DA:6326,0
DA:6327,0
DA:6329,0
DA:6330,0
DA:6332,0
DA:6333,0
DA:6334,0
DA:6353,0
DA:6354,0
DA:6355,0
DA:6358,0
DA:6359,0
DA:6360,0
DA:6361,0
DA:6362,0
DA:6363,0
DA:6365,0
DA:6381,0
DA:6399,0
DA:6415,0
DA:6432,0
DA:6433,0
DA:6434,0
DA:6487,0
DA:6494,0
DA:6495,0
DA:6496,0
DA:6499,0
DA:6500,0
DA:6501,0
DA:6504,0
DA:6505,0
DA:6506,0
DA:6509,0
DA:6510,0
DA:6511,0
DA:6514,0
DA:6515,0
DA:6516,0
DA:6519,0
DA:6520,0
DA:6521,0
DA:6524,0
DA:6525,0
DA:6526,0
DA:6529,0
DA:6530,0
DA:6531,0
DA:6534,0
DA:6535,0
DA:6536,0
DA:6539,0
DA:6540,0
DA:6541,0
DA:6544,0
DA:6545,0
DA:6546,0
DA:6552,0
DA:6559,0
DA:6560,0
DA:6561,0
DA:6564,0
DA:6565,0
DA:6566,0
DA:6569,0
DA:6570,0
DA:6571,0
DA:6574,0
DA:6575,0
DA:6576,0
DA:6579,0
DA:6580,0
DA:6581,0
DA:6584,0
DA:6585,0
DA:6586,0
DA:6589,0
DA:6590,0
DA:6591,0
DA:6594,0
DA:6595,0
DA:6596,0
DA:6599,0
DA:6600,0
DA:6601,0
DA:6604,0
DA:6605,0
DA:6606,0
DA:6609,0
DA:6610,0
DA:6611,0
DA:6617,0
DA:6624,0
DA:6625,0
DA:6627,0
DA:6628,0
DA:6630,0
DA:6631,0
DA:6633,0
DA:6634,0
DA:6635,0
DA:6638,0
DA:6639,0
DA:6641,0
DA:6642,0
DA:6643,0
DA:6646,0
DA:6647,0
DA:6649,0
DA:6650,0
DA:6652,0
DA:6653,0
DA:6655,0
DA:6656,0
DA:6658,0
DA:6659,0
DA:6660,0
DA:6682,0
DA:6683,0
DA:6684,0
DA:6687,0
DA:6688,0
DA:6689,0
DA:6690,0
DA:6691,0
DA:6692,0
DA:6694,0
DA:6707,0
DA:6722,0
DA:6735,0
DA:6749,0
DA:6750,0
DA:6751,0
DA:6800,0
DA:6807,0
DA:6808,0
DA:6809,0
DA:6812,0
DA:6813,0
DA:6814,0
DA:6817,0
DA:6818,0
DA:6819,0
DA:6822,0
DA:6823,0
DA:6824,0
DA:6827,0
DA:6828,0
DA:6829,0
DA:6832,0
DA:6833,0
DA:6834,0
DA:6837,0
DA:6838,0
DA:6839,0
DA:6842,0
DA:6843,0
DA:6844,0
DA:6847,0
DA:6848,0
DA:6849,0
DA:6855,0
DA:6862,0
DA:6863,0
DA:6864,0
DA:6867,0
DA:6868,0
DA:6869,0
DA:6872,0
DA:6873,0
DA:6874,0
DA:6877,0
DA:6878,0
DA:6879,0
DA:6882,0
DA:6883,0
DA:6884,0
DA:6887,0
DA:6888,0
DA:6889,0
DA:6892,0
DA:6893,0
DA:6894,0
DA:6897,0
DA:6898,0
DA:6899,0
DA:6902,0
DA:6903,0
DA:6904,0
DA:6910,0
DA:6917,0
DA:6918,0
DA:6920,0
DA:6921,0
DA:6922,0
DA:6925,0
DA:6926,0
DA:6928,0
DA:6929,0
DA:6930,0
DA:6933,0
DA:6934,0
DA:6935,0
DA:6938,0
DA:6939,0
DA:6940,0
DA:6943,0
DA:6944,0
DA:6946,0
DA:6947,0
DA:6948,0
DA:6951,0
DA:6952,0
DA:6973,0
DA:6974,0
DA:6975,0
DA:6978,0
DA:6979,0
DA:6980,0
DA:6981,0
DA:6982,0
DA:6983,0
DA:6985,0
DA:6996,0
DA:7009,0
DA:7020,0
DA:7032,0
DA:7033,0
DA:7034,0
DA:7071,0
DA:7078,0
DA:7079,0
DA:7080,0
DA:7083,0
DA:7084,0
DA:7085,0
DA:7090,0
DA:7097,0
DA:7098,0
DA:7099,0
DA:7102,0
DA:7103,0
DA:7104,0
DA:7110,0
DA:7117,0
DA:7118,0
DA:7120,0
DA:7121,0
DA:7139,0
DA:7140,0
DA:7141,0
DA:7144,0
DA:7145,0
DA:7146,0
DA:7147,0
DA:7148,0
DA:7149,0
DA:7151,0
DA:7155,0
DA:7157,0
DA:7161,0
DA:7162,0
DA:7163,0
DA:7164,0
DA:7187,0
DA:7188,0
DA:7189,0
DA:7190,0
DA:7191,0
DA:7192,0
DA:7193,0
DA:7194,0
DA:7195,0
DA:7196,0
DA:7197,0
DA:7198,0
DA:7199,0
DA:7200,0
DA:7201,0
DA:7202,0
LF:3018
LH:1
end_of_record
SF:lib\core\db\tables\projects.dart
DA:4,0
DA:5,0
DA:7,0
DA:8,0
DA:11,0
DA:12,0
DA:13,0
DA:15,0
DA:16,0
LF:9
LH:0
end_of_record
SF:lib\core\db\tables\sync_queue.dart
DA:5,0
DA:6,0
DA:7,0
DA:8,0
DA:9,0
DA:10,0
DA:13,0
DA:16,0
DA:18,0
DA:19,0
DA:20,0
DA:22,0
DA:24,0
DA:25,0
DA:27,0
DA:28,0
LF:16
LH:0
end_of_record
SF:lib\core\db\tables\project_analytics.dart
DA:4,0
DA:5,0
DA:6,0
DA:7,0
DA:8,0
DA:11,0
DA:12,0
DA:13,0
DA:15,0
DA:16,0
DA:18,0
DA:19,0
LF:12
LH:0
end_of_record
SF:lib\core\db\tables\reports.dart
DA:4,0
DA:5,0
DA:6,0
DA:7,0
DA:8,0
DA:9,0
DA:10,0
DA:13,0
DA:15,0
DA:16,0
DA:19,0
DA:20,0
DA:22,0
DA:23,0
DA:25,0
DA:26,0
LF:16
LH:0
end_of_record
SF:lib\core\db\tables\issues.dart
DA:4,0
DA:5,0
DA:6,0
DA:7,0
DA:8,0
DA:9,0
DA:10,0
DA:11,0
DA:12,0
DA:13,0
DA:15,0
DA:16,0
DA:19,0
DA:20,0
DA:22,0
DA:23,0
DA:25,0
DA:26,0
LF:18
LH:0
end_of_record
SF:lib\core\db\tables\media.dart
DA:4,0
DA:5,0
DA:6,0
DA:7,0
DA:8,0
DA:11,0
DA:13,0
DA:14,0
DA:15,0
DA:18,0
DA:19,0
DA:21,0
DA:22,0
DA:24,0
DA:25,0
LF:15
LH:0
end_of_record
SF:lib\core\db\tables\sync_conflicts.dart
DA:4,0
DA:5,0
DA:6,0
DA:7,0
DA:8,0
DA:9,0
DA:12,0
DA:15,0
DA:17,0
DA:19,0
DA:20,0
DA:22,0
DA:23,0
LF:13
LH:0
end_of_record
SF:lib\core\db\tables\meta.dart
DA:5,0
DA:6,0
DA:8,0
DA:9,0
LF:4
LH:0
end_of_record
SF:lib\core\db\daos\project_dao.g.dart
DA:7,0
LF:1
LH:0
end_of_record
SF:lib\core\db\daos\project_dao.dart
DA:10,0
DA:12,0
DA:13,0
DA:16,0
DA:18,0
DA:20,0
DA:21,0
DA:22,0
DA:23,0
DA:26,0
DA:27,0
DA:30,0
LF:12
LH:0
end_of_record
SF:lib\core\db\daos\sync_queue_dao.dart
DA:11,0
DA:13,0
DA:14,0
DA:17,0
DA:18,0
DA:19,0
DA:20,0
DA:21,0
DA:24,0
DA:26,0
DA:27,0
DA:28,0
DA:29,0
DA:30,0
DA:33,0
DA:34,0
DA:38,0
DA:39,0
DA:47,0
DA:48,0
DA:49,0
DA:52,0
DA:54,0
DA:55,0
DA:56,0
DA:58,0
DA:61,0
DA:62,0
DA:63,0
DA:64,0
DA:65,0
DA:66,0
DA:67,0
DA:68,0
DA:70,0
DA:76,0
DA:77,0
DA:78,0
DA:79,0
DA:80,0
DA:83,0
DA:84,0
DA:88,0
DA:94,0
DA:95,0
DA:100,0
DA:101,0
DA:102,0
DA:104,0
DA:109,0
DA:110,0
DA:111,0
DA:113,0
DA:118,0
DA:119,0
LF:55
LH:0
end_of_record
SF:lib\core\db\daos\sync_queue_dao.g.dart
DA:7,0
LF:1
LH:0
end_of_record
SF:lib\core\db\daos\analytics_dao.g.dart
DA:7,0
DA:8,0
LF:2
LH:0
end_of_record
SF:lib\core\db\daos\analytics_dao.dart
DA:11,0
DA:13,0
DA:14,0
DA:17,0
DA:18,0
DA:19,0
DA:20,0
DA:23,0
DA:24,0
DA:25,0
DA:26,0
DA:29,0
DA:30,0
DA:31,0
DA:32,0
LF:15
LH:0
end_of_record
SF:lib\core\db\daos\report_dao.g.dart
DA:7,0
LF:1
LH:0
end_of_record
SF:lib\core\db\daos\report_dao.dart
DA:10,0
DA:12,0
DA:13,0
DA:16,0
DA:17,0
DA:20,0
DA:25,0
DA:26,0
DA:27,0
DA:28,0
DA:33,0
DA:38,0
DA:39,0
DA:40,0
DA:41,0
DA:42,0
DA:44,0
DA:45,0
DA:48,0
DA:49,0
DA:50,0
DA:52,0
DA:55,0
DA:56,0
DA:57,0
DA:58,0
DA:59,0
DA:60,0
DA:62,0
DA:65,0
DA:66,0
DA:69,0
DA:70,0
LF:33
LH:0
end_of_record
SF:lib\core\db\daos\issue_dao.dart
DA:10,0
DA:12,0
DA:13,0
DA:16,0
DA:17,0
DA:20,0
DA:25,0
DA:26,0
DA:27,0
DA:28,0
DA:33,0
DA:38,0
DA:39,0
DA:40,0
DA:41,0
DA:42,0
DA:44,0
DA:45,0
DA:48,0
DA:49,0
DA:50,0
DA:52,0
DA:55,0
DA:56,0
DA:57,0
DA:58,0
DA:59,0
DA:60,0
DA:62,0
DA:65,0
DA:66,0
DA:69,0
DA:70,0
LF:33
LH:0
end_of_record
SF:lib\core\db\daos\issue_dao.g.dart
DA:7,0
LF:1
LH:0
end_of_record
SF:lib\core\db\daos\media_dao.g.dart
DA:7,0
LF:1
LH:0
end_of_record
SF:lib\core\db\daos\media_dao.dart
DA:10,0
DA:12,0
DA:13,0
DA:16,0
DA:17,0
DA:18,0
DA:22,0
DA:23,0
DA:24,0
DA:25,0
DA:31,0
DA:35,0
DA:36,0
DA:37,0
DA:38,0
DA:39,0
DA:41,0
DA:42,0
DA:43,0
DA:46,0
DA:47,0
DA:50,0
DA:51,0
DA:53,0
DA:54,0
DA:55,0
DA:59,0
DA:63,0
DA:64,0
DA:66,0
LF:30
LH:0
end_of_record
SF:lib\core\db\daos\conflict_dao.g.dart
DA:7,0
LF:1
LH:0
end_of_record
SF:lib\core\db\daos\conflict_dao.dart
DA:11,0
DA:13,0
DA:14,0
DA:17,0
DA:18,0
DA:19,0
DA:20,0
DA:21,0
DA:22,0
DA:24,0
DA:27,0
DA:31,0
DA:32,0
DA:34,0
DA:39,0
DA:40,0
DA:43,0
DA:44,0
DA:45,0
DA:46,0
LF:20
LH:0
end_of_record
SF:lib\core\db\daos\meta_dao.g.dart
DA:7,0
LF:1
LH:0
end_of_record
SF:lib\core\db\daos\meta_dao.dart
DA:10,0
DA:12,0
DA:13,0
DA:14,0
DA:15,0
DA:16,0
DA:19,0
DA:20,0
DA:21,0
DA:22,0
DA:25,0
DA:26,0
DA:29,0
DA:30,0
DA:31,0
LF:15
LH:0
end_of_record
SF:lib\core\network\dio_client.dart
DA:9,0
DA:11,0
DA:12,0
DA:16,0
DA:22,0
DA:28,0
DA:31,0
DA:35,0
DA:37,0
DA:41,0
DA:42,0
DA:47,0
DA:48,0
DA:49,0
DA:50,0
DA:52,0
DA:53,0
DA:55,0
DA:56,0
LF:19
LH:0
end_of_record
SF:lib\core\network\api_client.dart
DA:10,0
DA:13,0
DA:17,0
DA:19,0
DA:20,0
DA:22,0
DA:23,0
DA:24,0
DA:25,0
DA:26,0
DA:27,0
DA:30,0
DA:32,0
DA:39,0
DA:41,0
DA:42,0
DA:44,0
DA:45,0
DA:47,0
DA:49,0
DA:56,0
DA:61,0
DA:62,0
DA:65,0
DA:67,0
DA:68,0
DA:70,0
DA:72,0
DA:79,0
DA:85,0
DA:86,0
DA:89,0
DA:91,0
DA:92,0
DA:94,0
DA:96,0
DA:102,0
DA:104,0
DA:105,0
DA:107,0
DA:109,0
DA:116,0
DA:124,0
DA:126,0
DA:127,0
DA:130,0
DA:136,0
DA:137,0
DA:140,0
DA:142,0
DA:143,0
DA:145,0
DA:147,0
DA:154,0
DA:159,0
DA:164,0
DA:168,0
DA:170,0
DA:171,0
DA:173,0
DA:175,0
DA:182,0
DA:187,0
DA:189,0
DA:194,0
DA:196,0
DA:197,0
DA:199,0
DA:201,0
DA:208,0
DA:210,0
DA:212,0
DA:214,0
DA:216,0
DA:217,0
DA:218,0
DA:219,0
DA:220,0
DA:221,0
DA:224,0
DA:226,0
DA:233,0
DA:238,0
DA:239,0
DA:242,0
DA:244,0
DA:245,0
DA:247,0
DA:249,0
DA:256,0
DA:261,0
DA:262,0
DA:265,0
DA:267,0
DA:268,0
DA:270,0
DA:272,0
DA:279,0
DA:285,0
DA:286,0
DA:289,0
DA:291,0
DA:292,0
DA:294,0
DA:296,0
DA:302,0
DA:304,0
DA:305,0
DA:307,0
DA:309,0
LF:110
LH:0
end_of_record
SF:lib\core\services\token_storage_service.dart
DA:17,0
DA:24,0
DA:29,0
DA:30,0
DA:31,0
DA:33,0
DA:34,0
DA:36,0
DA:41,0
DA:43,0
DA:44,0
DA:46,0
DA:48,0
DA:52,0
DA:57,0
DA:59,0
DA:60,0
DA:62,0
DA:64,0
DA:68,0
DA:73,0
DA:75,0
DA:76,0
DA:77,0
DA:79,0
DA:80,0
DA:82,0
DA:87,0
DA:89,0
DA:91,0
DA:96,0
DA:98,0
DA:100,0
DA:105,0
DA:107,0
DA:109,0
DA:114,0
DA:116,0
DA:118,0
DA:123,0
DA:125,0
DA:127,0
LF:42
LH:0
end_of_record
SF:lib\core\utils\biometrics\biometric_auth_service.dart
DA:9,0
DA:19,0
DA:21,0
DA:22,0
DA:24,0
DA:25,0
DA:29,0
DA:35,0
DA:37,0
DA:38,0
DA:41,0
DA:42,0
DA:47,0
DA:52,0
DA:53,0
DA:55,0
DA:57,0
DA:64,0
DA:66,0
DA:70,0
DA:71,0
DA:72,0
DA:74,0
DA:75,0
DA:80,0
DA:81,0
DA:83,0
DA:89,0
DA:91,0
DA:93,0
DA:95,0
DA:97,0
DA:99,0
DA:101,0
DA:103,0
DA:105,0
DA:107,0
DA:109,0
DA:111,0
DA:113,0
DA:115,0
DA:117,0
DA:120,0
DA:125,0
DA:127,0
DA:128,0
DA:129,0
DA:131,0
DA:136,0
DA:138,0
DA:139,0
DA:140,0
DA:142,0
DA:145,0
DA:146,0
DA:149,0
DA:150,0
DA:151,0
LF:58
LH:0
end_of_record
SF:lib\features\authentication\data\datasources\auth_remote_datasource.dart
DA:33,0
DA:35,0
DA:38,0
DA:40,0
DA:43,0
DA:44,0
DA:45,0
DA:48,0
DA:49,0
DA:52,0
DA:55,0
DA:58,0
DA:59,0
DA:61,0
DA:66,0
DA:69,0
DA:71,0
DA:74,0
DA:75,0
DA:77,0
DA:78,0
DA:82,0
DA:85,0
DA:88,0
DA:89,0
DA:91,0
DA:96,0
DA:99,0
DA:101,0
DA:104,0
DA:105,0
DA:107,0
DA:108,0
DA:112,0
DA:115,0
DA:118,0
DA:119,0
DA:121,0
DA:126,0
DA:129,0
DA:131,0
DA:133,0
DA:136,0
DA:137,0
DA:139,0
DA:144,0
DA:147,0
DA:149,0
DA:151,0
DA:154,0
DA:155,0
DA:159,0
DA:164,0
DA:167,0
DA:169,0
DA:171,0
DA:174,0
DA:175,0
DA:179,0
LF:59
LH:0
end_of_record
SF:lib\features\authentication\data\repositories\auth_repository_impl.dart
DA:14,0
DA:19,0
DA:22,0
DA:26,0
DA:27,0
DA:28,0
DA:29,0
DA:31,0
DA:34,0
DA:35,0
DA:36,0
DA:38,0
DA:42,0
DA:49,0
DA:52,0
DA:55,0
DA:57,0
DA:59,0
DA:60,0
DA:62,0
DA:63,0
DA:65,0
DA:69,0
DA:72,0
DA:76,0
DA:82,0
DA:83,0
DA:84,0
DA:85,0
DA:87,0
DA:88,0
DA:89,0
DA:91,0
DA:92,0
DA:98,0
DA:103,0
DA:104,0
DA:105,0
DA:106,0
DA:108,0
DA:109,0
DA:110,0
DA:112,0
DA:117,0
DA:120,0
DA:122,0
DA:123,0
DA:125,0
DA:126,0
DA:132,0
DA:138,0
DA:140,0
DA:141,0
DA:143,0
DA:144,0
DA:145,0
DA:152,0
DA:153,0
DA:154,0
DA:155,0
DA:156,0
DA:157,0
DA:161,0
DA:162,0
DA:163,0
DA:165,0
DA:166,0
DA:167,0
DA:169,0
DA:170,0
DA:171,0
DA:172,0
DA:173,0
DA:174,0
DA:175,0
DA:176,0
DA:177,0
DA:179,0
DA:182,0
DA:183,0
DA:185,0
DA:186,0
DA:187,0
DA:188,0
LF:84
LH:0
end_of_record
SF:lib\features\authentication\domain\usecases\login_usecase.dart
DA:9,0
DA:11,0
DA:12,0
LF:3
LH:0
end_of_record
SF:lib\features\authentication\domain\usecases\logout_usecase.dart
DA:8,0
DA:10,0
DA:11,0
LF:3
LH:0
end_of_record
SF:lib\features\authentication\domain\usecases\verify_mfa_usecase.dart
DA:8,0
DA:10,0
DA:11,0
LF:3
LH:0
end_of_record
SF:lib\features\authentication\domain\usecases\refresh_token_usecase.dart
DA:8,0
DA:10,0
DA:11,0
LF:3
LH:0
end_of_record
SF:lib\features\authentication\domain\usecases\get_current_user_usecase.dart
DA:9,0
DA:11,0
DA:12,0
LF:3
LH:0
end_of_record
SF:lib\core\error\failures.dart
DA:6,0
DA:8,0
DA:9,0
DA:13,0
DA:17,0
DA:21,0
DA:25,0
LF:7
LH:0
end_of_record
SF:lib\core\network\auth_interceptor.dart
DA:12,0
DA:14,0
DA:21,0
DA:22,0
DA:26,0
DA:27,0
DA:28,0
DA:31,0
DA:33,0
DA:37,0
DA:42,0
DA:45,0
DA:51,0
DA:53,0
DA:54,0
DA:58,0
DA:60,0
DA:62,0
DA:67,0
DA:70,0
DA:71,0
DA:72,0
DA:73,0
DA:77,0
DA:79,0
DA:80,0
DA:83,0
DA:84,0
DA:85,0
DA:89,0
DA:95,0
DA:96,0
DA:98,0
DA:101,0
DA:102,0
DA:103,0
DA:104,0
DA:105,0
DA:106,0
DA:108,0
DA:109,0
DA:115,0
DA:116,0
DA:118,0
DA:119,0
DA:123,0
DA:127,0
DA:132,0
DA:134,0
LF:49
LH:0
end_of_record
SF:lib\core\utils\theme\custom_themes\appbar_theme.dart
DA:4,0
LF:1
LH:0
end_of_record
SF:lib\core\utils\theme\custom_themes\bottom_sheet_theme.dart
DA:4,0
LF:1
LH:0
end_of_record
SF:lib\core\utils\theme\custom_themes\checkbox_theme.dart
DA:4,0
DA:6,3
DA:7,2
DA:8,1
DA:9,0
DA:15,1
DA:16,0
DA:23,3
DA:24,2
DA:25,1
DA:26,0
DA:32,1
DA:33,0
LF:13
LH:8
end_of_record
SF:lib\core\utils\theme\custom_themes\chip_theme.dart
DA:4,0
DA:6,3
DA:7,1
DA:14,3
DA:15,1
LF:5
LH:4
end_of_record
SF:lib\core\utils\theme\custom_themes\elevated_button_theme.dart
DA:4,0
DA:6,2
DA:7,1
DA:8,1
DA:20,1
DA:21,1
DA:26,2
DA:27,1
DA:28,1
DA:40,1
DA:41,1
LF:11
LH:10
end_of_record
SF:lib\core\utils\theme\custom_themes\outlined_button_theme.dart
DA:4,0
DA:6,2
DA:7,1
DA:8,1
DA:18,1
DA:19,1
DA:24,2
DA:25,1
DA:26,1
DA:36,1
DA:37,1
LF:11
LH:10
end_of_record
SF:lib\core\utils\theme\custom_themes\text_field_theme.dart
DA:4,0
DA:7,3
DA:11,1
DA:16,1
DA:17,1
DA:22,1
DA:26,1
DA:27,1
DA:30,1
DA:31,1
DA:34,1
DA:35,1
DA:38,1
DA:39,1
DA:42,1
DA:43,1
DA:50,3
DA:54,1
DA:59,1
DA:60,1
DA:65,1
DA:69,1
DA:70,1
DA:73,1
DA:74,1
DA:77,1
DA:78,1
DA:81,1
DA:82,1
DA:85,1
DA:86,1
LF:31
LH:30
end_of_record
SF:lib\core\utils\theme\custom_themes\text_theme.dart
DA:4,0
DA:6,3
DA:7,1
DA:12,1
DA:17,1
DA:23,1
DA:28,1
DA:33,1
DA:39,1
DA:44,1
DA:49,1
DA:55,1
DA:60,1
DA:67,3
DA:68,1
DA:73,1
DA:78,1
DA:84,1
DA:89,1
DA:94,1
DA:100,1
DA:105,1
DA:110,1
DA:116,1
DA:121,1
LF:25
LH:24
end_of_record
SF:lib\features\authentication\data\models\auth_response_model.dart
DA:11,0
DA:18,0
DA:19,0
DA:20,0
DA:21,0
DA:22,0
DA:23,0
DA:27,0
DA:28,0
DA:29,0
DA:30,0
DA:31,0
DA:34,0
DA:35,0
LF:14
LH:0
end_of_record
SF:lib\features\authentication\data\models\auth_tokens_model.dart
DA:8,0
DA:14,0
DA:15,0
DA:16,0
DA:17,0
DA:18,0
DA:22,0
DA:23,0
DA:24,0
DA:25,0
DA:28,0
DA:29,0
LF:12
LH:0
end_of_record
SF:lib\features\authentication\data\models\user_model.dart
DA:4,0
DA:11,0
DA:12,0
DA:13,0
DA:14,0
DA:15,0
DA:16,0
DA:20,0
DA:21,0
DA:22,0
DA:23,0
DA:24,0
LF:12
LH:0
end_of_record
SF:lib\features\authentication\domain\entities\user.dart
DA:9,1
DA:16,0
DA:17,0
LF:3
LH:1
end_of_record
SF:lib\features\authentication\presentation\bloc\auth\auth_event.dart
DA:4,2
DA:6,0
DA:7,0
DA:15,0
DA:20,0
DA:21,0
DA:29,0
DA:34,0
DA:35,0
DA:40,0
DA:45,1
DA:50,2
DA:58,0
DA:63,0
DA:64,0
DA:69,0
LF:16
LH:3
end_of_record
SF:lib\features\authentication\presentation\widgets\auth_text_field.dart
DA:14,0
DA:27,0
DA:28,0
DA:34,0
DA:36,0
DA:37,0
DA:40,0
DA:42,0
DA:44,0
DA:45,0
DA:46,0
DA:47,0
DA:48,0
DA:49,0
DA:50,0
DA:51,0
DA:52,0
DA:53,0
DA:54,0
DA:55,0
DA:56,0
DA:57,0
DA:58,0
DA:60,0
DA:61,0
DA:62,0
DA:67,0
DA:68,0
DA:69,0
DA:71,0
DA:72,0
DA:73,0
DA:75,0
DA:76,0
DA:77,0
DA:79,0
DA:80,0
DA:81,0
LF:38
LH:0
end_of_record
SF:lib\features\authentication\presentation\pages\mfa_page.dart
DA:11,0
DA:13,0
DA:14,0
DA:20,0
DA:22,0
DA:23,0
DA:26,0
DA:28,0
DA:29,0
DA:32,0
DA:33,0
DA:34,0
DA:35,0
DA:36,0
DA:41,0
DA:43,0
DA:45,0
DA:46,0
DA:51,0
DA:52,0
DA:53,0
DA:54,0
DA:55,0
DA:56,0
DA:57,0
DA:58,0
DA:59,0
DA:60,0
DA:61,0
DA:62,0
DA:68,0
DA:70,0
DA:71,0
DA:72,0
DA:74,0
DA:77,0
DA:79,0
DA:80,0
DA:81,0
DA:82,0
DA:85,0
DA:88,0
DA:90,0
DA:96,0
DA:98,0
DA:99,0
DA:100,0
DA:110,0
DA:111,0
DA:113,0
DA:115,0
DA:117,0
DA:119,0
DA:120,0
DA:125,0
DA:129,0
DA:132,0
DA:133,0
DA:135,0
DA:136,0
DA:137,0
DA:138,0
DA:141,0
DA:142,0
DA:143,0
DA:144,0
DA:157,0
DA:160,0
DA:161,0
DA:163,0
DA:164,0
DA:186,0
DA:187,0
DA:190,0
DA:192,0
DA:194,0
LF:76
LH:0
end_of_record
